Base path: '/Applications/Unity/Hub/Editor/2019.4.12f1/Unity.app/Contents', plugins path '/Applications/Unity/Hub/Editor/2019.4.12f1/PlaybackEngines'
Cmd: initializeCompiler
Cmd: compileComputeKernel
  api=14 insize=18731 outsize=9901 ok=1
Cmd: translateComputeKernel
  api=14 insize=9370 outsize=16172 ok=1
Cmd: compileComputeKernel
  api=14 insize=1505 outsize=1199 ok=1
Cmd: translateComputeKernel
  api=14 insize=5372 outsize=7542 ok=1
Cmd: compileComputeKernel
  api=14 insize=12109 outsize=2774 ok=1
Cmd: compileComputeKernel
  api=14 insize=12109 outsize=3656 ok=1
Cmd: compileComputeKernel
  api=14 insize=12109 outsize=3842 ok=1
Cmd: translateComputeKernel
  api=14 insize=3049 outsize=2942 ok=1
Cmd: translateComputeKernel
  api=14 insize=3470 outsize=3918 ok=1
Cmd: compileComputeKernel
  api=14 insize=11985 outsize=2853 ok=1
Cmd: compileComputeKernel
  api=14 insize=11985 outsize=2853 ok=1
Cmd: compileComputeKernel
  api=14 insize=11985 outsize=2885 ok=1
Cmd: compileComputeKernel
  api=14 insize=11985 outsize=2999 ok=1
Cmd: translateComputeKernel
  api=14 insize=2923 outsize=3389 ok=1
Cmd: translateComputeKernel
  api=14 insize=2923 outsize=3393 ok=1
Cmd: translateComputeKernel
  api=14 insize=2952 outsize=3432 ok=1
Cmd: translateComputeKernel
  api=14 insize=2986 outsize=3472 ok=1
Cmd: compileComputeKernel
  api=14 insize=18301 outsize=4919 ok=1
Cmd: compileComputeKernel
  api=14 insize=18301 outsize=7173 ok=1
Cmd: translateComputeKernel
  api=14 insize=3971 outsize=5377 ok=1
Cmd: translateComputeKernel
  api=14 insize=4849 outsize=7904 ok=1
Cmd: compileComputeKernel
  api=14 insize=11176 outsize=10700 ok=1
Cmd: compileComputeKernel
  api=14 insize=66874 outsize=15351 ok=1
Cmd: compileComputeKernel
  api=14 insize=66874 outsize=3442 ok=1
Cmd: compileComputeKernel
  api=14 insize=66874 outsize=3515 ok=1
Cmd: compileComputeKernel
  api=14 insize=66874 outsize=3491 ok=1
Cmd: compileComputeKernel
  api=14 insize=66874 outsize=3443 ok=1
Cmd: compileComputeKernel
  api=14 insize=66874 outsize=3496 ok=1
Cmd: compileComputeKernel
  api=14 insize=66874 outsize=4051 ok=1
Cmd: compileComputeKernel
  api=14 insize=66874 outsize=4206 ok=1
Cmd: compileComputeKernel
  api=14 insize=66874 outsize=4085 ok=1
Cmd: compileComputeKernel
  api=14 insize=66874 outsize=4230 ok=1
Cmd: compileComputeKernel
  api=14 insize=66874 outsize=3473 ok=1
Cmd: compileComputeKernel
  api=14 insize=66874 outsize=5052 ok=1
Cmd: compileComputeKernel
  api=14 insize=66874 outsize=3912 ok=1
Cmd: compileComputeKernel
  api=14 insize=66874 outsize=3053 ok=1
Cmd: translateComputeKernel
  api=14 insize=4544 outsize=4261 ok=1
Cmd: translateComputeKernel
  api=14 insize=5898 outsize=7805 ok=1
Cmd: translateComputeKernel
  api=14 insize=4447 outsize=4372 ok=1
Cmd: translateComputeKernel
  api=14 insize=4273 outsize=3989 ok=1
Cmd: translateComputeKernel
  api=14 insize=4443 outsize=4333 ok=1
Cmd: translateComputeKernel
  api=14 insize=4754 outsize=5270 ok=1
Cmd: translateComputeKernel
  api=14 insize=4308 outsize=4255 ok=1
Cmd: translateComputeKernel
  api=14 insize=4548 outsize=4309 ok=1
Cmd: translateComputeKernel
  api=14 insize=4137 outsize=3751 ok=1
Cmd: translateComputeKernel
  api=14 insize=4100 outsize=3705 ok=1
Cmd: translateComputeKernel
  api=14 insize=4097 outsize=3709 ok=1
Cmd: translateComputeKernel
  api=14 insize=4123 outsize=3722 ok=1
Cmd: translateComputeKernel
  api=14 insize=4495 outsize=4366 ok=1
Cmd: translateComputeKernel
  api=14 insize=4196 outsize=3826 ok=1
Cmd: translateComputeKernel
  api=14 insize=4142 outsize=3785 ok=1
Cmd: translateComputeKernel
  api=14 insize=4707 outsize=4852 ok=1
Cmd: translateComputeKernel
  api=14 insize=4560 outsize=4476 ok=1
Cmd: translateComputeKernel
  api=14 insize=4393 outsize=4617 ok=1
Cmd: translateComputeKernel
  api=14 insize=4698 outsize=4961 ok=1
Cmd: translateComputeKernel
  api=14 insize=5138 outsize=5756 ok=1
Cmd: translateComputeKernel
  api=14 insize=4730 outsize=5007 ok=1
Cmd: translateComputeKernel
  api=14 insize=4732 outsize=5010 ok=1
Cmd: translateComputeKernel
  api=14 insize=4876 outsize=5255 ok=1
Cmd: translateComputeKernel
  api=14 insize=4139 outsize=3758 ok=1
Cmd: translateComputeKernel
  api=14 insize=4154 outsize=3857 ok=1
Cmd: translateComputeKernel
  api=14 insize=4115 outsize=3770 ok=1
Cmd: translateComputeKernel
  api=14 insize=6532 outsize=8649 ok=1
Cmd: translateComputeKernel
  api=14 insize=4647 outsize=4579 ok=1
Cmd: translateComputeKernel
  api=14 insize=3734 outsize=2956 ok=1
Cmd: translateComputeKernel
  api=14 insize=4195 outsize=3915 ok=1
Cmd: compileComputeKernel
  api=14 insize=2120 outsize=1477 ok=1
Cmd: translateComputeKernel
  api=14 insize=1472 outsize=2326 ok=1
Cmd: translateComputeKernel
  api=14 insize=865 outsize=676 ok=1
Cmd: compileComputeKernel
  api=14 insize=72903 outsize=5039 ok=1
Cmd: translateComputeKernel
  api=14 insize=9220 outsize=17996 ok=1
Cmd: compileComputeKernel
  api=14 insize=34089 outsize=2149 ok=1
Cmd: compileComputeKernel
  api=14 insize=34089 outsize=1156 ok=1
Cmd: compileComputeKernel
  api=14 insize=34089 outsize=2629 ok=1
Cmd: compileComputeKernel
  api=14 insize=34089 outsize=2225 ok=1
Cmd: compileComputeKernel
  api=14 insize=34089 outsize=2277 ok=1
Cmd: compileComputeKernel
  api=14 insize=34089 outsize=2241 ok=1
Cmd: compileComputeKernel
  api=14 insize=34089 outsize=2283 ok=1
Cmd: compileComputeKernel
  api=14 insize=34089 outsize=2701 ok=1
Cmd: compileComputeKernel
  api=14 insize=34089 outsize=2709 ok=1
Cmd: compileComputeKernel
  api=14 insize=34089 outsize=2992 ok=1
Cmd: compileComputeKernel
  api=14 insize=34089 outsize=2835 ok=1
Cmd: compileComputeKernel
  api=14 insize=34089 outsize=2768 ok=1
Cmd: compileComputeKernel
  api=14 insize=34089 outsize=2760 ok=1
Cmd: compileComputeKernel
  api=14 insize=34089 outsize=2841 ok=1
Cmd: compileComputeKernel
  api=14 insize=34089 outsize=2836 ok=1
Cmd: translateComputeKernel
  api=14 insize=2344 outsize=2030 ok=1
Cmd: translateComputeKernel
  api=14 insize=2349 outsize=2038 ok=1
Cmd: translateComputeKernel
  api=14 insize=1875 outsize=1817 ok=1
Cmd: translateComputeKernel
  api=14 insize=2492 outsize=2252 ok=1
Cmd: translateComputeKernel
  api=14 insize=1458 outsize=1302 ok=1
Cmd: translateComputeKernel
  api=14 insize=1481 outsize=1350 ok=1
Cmd: translateComputeKernel
  api=14 insize=2925 outsize=3160 ok=1
Cmd: translateComputeKernel
  api=14 insize=3527 outsize=4297 ok=1
Cmd: translateComputeKernel
  api=14 insize=3090 outsize=3585 ok=1
Cmd: translateComputeKernel
  api=14 insize=3068 outsize=3394 ok=1
Cmd: translateComputeKernel
  api=14 insize=2881 outsize=3307 ok=1
Cmd: translateComputeKernel
  api=14 insize=2854 outsize=3272 ok=1
Cmd: translateComputeKernel
  api=14 insize=3251 outsize=3750 ok=1
Cmd: compileComputeKernel
  api=14 insize=79248 outsize=16236 ok=1
Cmd: compileComputeKernel
  api=14 insize=79248 outsize=35902 ok=1
Cmd: compileComputeKernel
  api=14 insize=79248 outsize=5149 ok=1
Cmd: compileComputeKernel
  api=14 insize=79248 outsize=2912 ok=1
Cmd: compileComputeKernel
  api=14 insize=79248 outsize=3245 ok=1
Cmd: compileComputeKernel
  api=14 insize=79248 outsize=13572 ok=1
Cmd: translateComputeKernel
  api=14 insize=13863 outsize=26084 ok=1
Cmd: translateComputeKernel
  api=14 insize=26211 outsize=53830 ok=1
Cmd: compileComputeKernel
  api=14 insize=4442 outsize=2713 ok=1
Cmd: translateComputeKernel
  api=14 insize=2771 outsize=3157 ok=1
Cmd: compileSnippet
  api=14 type=0 insize=1554 outsize=3793 kw=UNITY_PASS_DEFERRED LIGHTPROBE_SH UNITY_HDR_ON pd=UNITY_ENABLE_REFLECTION_BUFFERS UNITY_USE_DITHER_MASK_FOR_ALPHABLENDED_SHADOWS UNITY_PBS_USE_BRDF1 UNITY_SPECCUBE_BOX_PROJECTION UNITY_SPECCUBE_BLENDING UNITY_ENABLE_DETAIL_NORMALMAP SHADER_API_DESKTOP UNITY_COLORSPACE_GAMMA UNITY_LIGHT_PROBE_PROXY_VOLUME UNITY_LIGHTMAP_FULL_HDR ok=1
Cmd: compileSnippet
  api=14 type=0 insize=11846 outsize=2668 kw=SHADOWS_SPLIT_SPHERES pd=UNITY_ENABLE_REFLECTION_BUFFERS UNITY_USE_DITHER_MASK_FOR_ALPHABLENDED_SHADOWS UNITY_PBS_USE_BRDF1 UNITY_SPECCUBE_BOX_PROJECTION UNITY_SPECCUBE_BLENDING UNITY_ENABLE_DETAIL_NORMALMAP SHADER_API_DESKTOP UNITY_COLORSPACE_GAMMA UNITY_LIGHT_PROBE_PROXY_VOLUME UNITY_LIGHTMAP_FULL_HDR ok=1
Cmd: compileSnippet
  api=14 type=1 insize=1152 outsize=1526 kw=UNITY_PASS_SHADOWCASTER SHADOWS_DEPTH PROCEDURAL_INSTANCING_ON _ALPHABLEND_ON pd=UNITY_ENABLE_REFLECTION_BUFFERS UNITY_USE_DITHER_MASK_FOR_ALPHABLENDED_SHADOWS UNITY_PBS_USE_BRDF1 UNITY_SPECCUBE_BOX_PROJECTION UNITY_SPECCUBE_BLENDING UNITY_ENABLE_DETAIL_NORMALMAP SHADER_API_DESKTOP UNITY_COLORSPACE_GAMMA UNITY_LIGHT_PROBE_PROXY_VOLUME UNITY_LIGHTMAP_FULL_HDR ok=1
Cmd: compileSnippet
  api=14 type=1 insize=563 outsize=5204 kw= pd=UNITY_ENABLE_REFLECTION_BUFFERS UNITY_USE_DITHER_MASK_FOR_ALPHABLENDED_SHADOWS UNITY_PBS_USE_BRDF1 UNITY_SPECCUBE_BOX_PROJECTION UNITY_SPECCUBE_BLENDING UNITY_ENABLE_DETAIL_NORMALMAP SHADER_API_DESKTOP UNITY_COLORSPACE_GAMMA UNITY_LIGHT_PROBE_PROXY_VOLUME UNITY_LIGHTMAP_FULL_HDR ok=1
Cmd: compileSnippet
  api=14 type=1 insize=4766 outsize=2078 kw= pd=UNITY_ENABLE_REFLECTION_BUFFERS UNITY_USE_DITHER_MASK_FOR_ALPHABLENDED_SHADOWS UNITY_PBS_USE_BRDF1 UNITY_SPECCUBE_BOX_PROJECTION UNITY_SPECCUBE_BLENDING UNITY_ENABLE_DETAIL_NORMALMAP SHADER_API_DESKTOP UNITY_COLORSPACE_GAMMA UNITY_LIGHT_PROBE_PROXY_VOLUME UNITY_LIGHTMAP_FULL_HDR ok=1
Cmd: compileSnippet
  api=14 type=1 insize=2992 outsize=1050 kw= pd=UNITY_ENABLE_REFLECTION_BUFFERS UNITY_USE_DITHER_MASK_FOR_ALPHABLENDED_SHADOWS UNITY_PBS_USE_BRDF1 UNITY_SPECCUBE_BOX_PROJECTION UNITY_SPECCUBE_BLENDING UNITY_ENABLE_DETAIL_NORMALMAP SHADER_API_DESKTOP UNITY_COLORSPACE_GAMMA UNITY_LIGHT_PROBE_PROXY_VOLUME UNITY_LIGHTMAP_FULL_HDR ok=1
Cmd: compileSnippet
  api=14 type=1 insize=1224 outsize=957 kw= pd=UNITY_ENABLE_REFLECTION_BUFFERS UNITY_USE_DITHER_MASK_FOR_ALPHABLENDED_SHADOWS UNITY_PBS_USE_BRDF1 UNITY_SPECCUBE_BOX_PROJECTION UNITY_SPECCUBE_BLENDING UNITY_ENABLE_DETAIL_NORMALMAP SHADER_API_DESKTOP UNITY_COLORSPACE_GAMMA UNITY_LIGHT_PROBE_PROXY_VOLUME UNITY_LIGHTMAP_FULL_HDR ok=1
Cmd: compileSnippet
  api=14 type=0 insize=1602 outsize=5982 kw=UNITY_PASS_FORWARDBASE DIRECTIONAL SHADOWS_SCREEN LIGHTPROBE_SH INSTANCING_ON pd=UNITY_ENABLE_REFLECTION_BUFFERS UNITY_USE_DITHER_MASK_FOR_ALPHABLENDED_SHADOWS UNITY_PBS_USE_BRDF1 UNITY_SPECCUBE_BOX_PROJECTION UNITY_SPECCUBE_BLENDING UNITY_ENABLE_DETAIL_NORMALMAP SHADER_API_DESKTOP UNITY_COLORSPACE_GAMMA UNITY_LIGHT_PROBE_PROXY_VOLUME UNITY_LIGHTMAP_FULL_HDR ok=1
Cmd: compileSnippet
  api=14 type=1 insize=1554 outsize=5468 kw=UNITY_PASS_DEFERRED LIGHTPROBE_SH pd=UNITY_ENABLE_REFLECTION_BUFFERS UNITY_USE_DITHER_MASK_FOR_ALPHABLENDED_SHADOWS UNITY_PBS_USE_BRDF1 UNITY_SPECCUBE_BOX_PROJECTION UNITY_SPECCUBE_BLENDING UNITY_ENABLE_DETAIL_NORMALMAP SHADER_API_DESKTOP UNITY_COLORSPACE_GAMMA UNITY_LIGHT_PROBE_PROXY_VOLUME UNITY_LIGHTMAP_FULL_HDR ok=1
Cmd: compileSnippet
  api=14 type=1 insize=11809 outsize=3226 kw= pd=UNITY_ENABLE_REFLECTION_BUFFERS UNITY_USE_DITHER_MASK_FOR_ALPHABLENDED_SHADOWS UNITY_PBS_USE_BRDF1 UNITY_SPECCUBE_BOX_PROJECTION UNITY_SPECCUBE_BLENDING UNITY_ENABLE_DETAIL_NORMALMAP SHADER_API_DESKTOP UNITY_COLORSPACE_GAMMA UNITY_LIGHT_PROBE_PROXY_VOLUME UNITY_LIGHTMAP_FULL_HDR ok=1
